12-Sep-2020 20:33:56.588 INFO [main] jdk.internal.reflect.NativeMethodAccessorImpl.invoke Nombre de la versión del servidor:   Apache Tomcat (TomEE)/9.0.20 (8.0.0-M3)

12-Sep-2020 20:33:56.588 INFO [main] jdk.internal.reflect.NativeMethodAccessorImpl.invoke Server built:          May 3 2019 22:26:00 UTC
12-Sep-2020 20:33:56.588 INFO [main] jdk.internal.reflect.NativeMethodAccessorImpl.invoke Número de versión de servidor:         9.0.20.0
12-Sep-2020 20:33:56.589 INFO [main] jdk.internal.reflect.NativeMethodAccessorImpl.invoke OS Name:               Windows 10
12-Sep-2020 20:33:56.589 INFO [main] jdk.internal.reflect.NativeMethodAccessorImpl.invoke Versión de Systema Operativo:      10.0

12-Sep-2020 20:33:56.589 INFO [main] jdk.internal.reflect.NativeMethodAccessorImpl.invoke Arquitectura:          amd64

12-Sep-2020 20:33:56.589 INFO [main] jdk.internal.reflect.NativeMethodAccessorImpl.invoke Java Home:             C:\Program Files\Java\jdk-11.0.7
12-Sep-2020 20:33:56.589 INFO [main] jdk.internal.reflect.NativeMethodAccessorImpl.invoke JVM Version:           11.0.7+8-LTS
12-Sep-2020 20:33:56.589 INFO [main] jdk.internal.reflect.NativeMethodAccessorImpl.invoke Vededor JVM:     Oracle Corporation
12-Sep-2020 20:33:56.589 INFO [main] jdk.internal.reflect.NativeMethodAccessorImpl.invoke CATALINA_BASE:         D:\universidad\ultimo semestre\Distribuida 2020\ejemplosSTS\servidor-orders-tomee\.distribution\apache-tomee
12-Sep-2020 20:33:56.589 INFO [main] jdk.internal.reflect.NativeMethodAccessorImpl.invoke CATALINA_HOME:         D:\universidad\ultimo semestre\Distribuida 2020\ejemplosSTS\servidor-orders-tomee\.distribution\apache-tomee
12-Sep-2020 20:33:56.608 INFO [main] jdk.internal.reflect.NativeMethodAccessorImpl.invoke Command line argument: --add-opens=java.base/java.lang=ALL-UNNAMED
12-Sep-2020 20:33:56.609 INFO [main] jdk.internal.reflect.NativeMethodAccessorImpl.invoke Command line argument: --add-opens=java.base/java.io=ALL-UNNAMED
12-Sep-2020 20:33:56.609 INFO [main] jdk.internal.reflect.NativeMethodAccessorImpl.invoke Command line argument: --add-opens=java.rmi/sun.rmi.transport=ALL-UNNAMED
12-Sep-2020 20:33:56.609 INFO [main] jdk.internal.reflect.NativeMethodAccessorImpl.invoke Command line argument: -Djava.util.logging.config.file=D:\universidad\ultimo semestre\Distribuida 2020\ejemplosSTS\servidor-orders-tomee\.distribution\apache-tomee\conf\logging.properties
12-Sep-2020 20:33:56.610 INFO [main] jdk.internal.reflect.NativeMethodAccessorImpl.invoke Command line argument: -Djava.util.logging.manager=org.apache.juli.ClassLoaderLogManager
12-Sep-2020 20:33:56.610 INFO [main] jdk.internal.reflect.DelegatingMethodAccessorImpl.invoke Command line argument: -javaagent:D:\universidad\ultimo semestre\Distribuida 2020\ejemplosSTS\servidor-orders-tomee\.distribution\apache-tomee\lib\openejb-javaagent.jar
12-Sep-2020 20:33:56.610 INFO [main] jdk.internal.reflect.DelegatingMethodAccessorImpl.invoke Command line argument: -Djdk.tls.ephemeralDHKeySize=2048
12-Sep-2020 20:33:56.610 INFO [main] jdk.internal.reflect.DelegatingMethodAccessorImpl.invoke Command line argument: -Djava.protocol.handler.pkgs=org.apache.catalina.webresources
12-Sep-2020 20:33:56.610 INFO [main] jdk.internal.reflect.DelegatingMethodAccessorImpl.invoke Command line argument: -Dorg.apache.catalina.STRICT_SERVLET_COMPLIANCE=false
12-Sep-2020 20:33:56.610 INFO [main] jdk.internal.reflect.DelegatingMethodAccessorImpl.invoke Command line argument: -Dopenejb.session.manager=org.apache.tomee.catalina.session.QuickSessionManager
12-Sep-2020 20:33:56.610 INFO [main] jdk.internal.reflect.DelegatingMethodAccessorImpl.invoke Command line argument: -Dtomee.remote.support=true
12-Sep-2020 20:33:56.610 INFO [main] jdk.internal.reflect.DelegatingMethodAccessorImpl.invoke Command line argument: -Dopenejb.system.apps=false
12-Sep-2020 20:33:56.611 INFO [main] jdk.internal.reflect.DelegatingMethodAccessorImpl.invoke Command line argument: -Dtomee.noshutdownhook=true
12-Sep-2020 20:33:56.611 INFO [main] jdk.internal.reflect.DelegatingMethodAccessorImpl.invoke Command line argument: -Dtomee.jsp-development=true
12-Sep-2020 20:33:56.611 INFO [main] jdk.internal.reflect.DelegatingMethodAccessorImpl.invoke Command line argument: -Dignore.endorsed.dirs=
12-Sep-2020 20:33:56.611 INFO [main] jdk.internal.reflect.DelegatingMethodAccessorImpl.invoke Command line argument: -Dcatalina.base=D:\universidad\ultimo semestre\Distribuida 2020\ejemplosSTS\servidor-orders-tomee\.distribution\apache-tomee
12-Sep-2020 20:33:56.611 INFO [main] jdk.internal.reflect.DelegatingMethodAccessorImpl.invoke Command line argument: -Dcatalina.home=D:\universidad\ultimo semestre\Distribuida 2020\ejemplosSTS\servidor-orders-tomee\.distribution\apache-tomee
12-Sep-2020 20:33:56.611 INFO [main] jdk.internal.reflect.DelegatingMethodAccessorImpl.invoke Command line argument: -Djava.io.tmpdir=D:\universidad\ultimo semestre\Distribuida 2020\ejemplosSTS\servidor-orders-tomee\.distribution\apache-tomee\temp
12-Sep-2020 20:33:56.619 INFO [main] jdk.internal.reflect.DelegatingMethodAccessorImpl.invoke La biblioteca nativa de Apache Tomcat basada en ARP que permite un rendimiento óptimo en entornos de desarrollo no ha sido hallada en java.library.path: [C:\Program Files\Java\jdk-11.0.7\bin;C:\WINDOWS\Sun\Java\bin;C:\WINDOWS\system32;C:\WINDOWS;C:\ProgramData\Oracle\Java\javapath;C:\WINDOWS\system32;C:\WINDOWS;C:\WINDOWS\System32\Wbem;C:\WINDOWS\System32\WindowsPowerShell\v1.0\;C:\WINDOWS\System32\OpenSSH\;C:\Program Files\Git\cmd;D:\node js\;C:\Users\alxx_\AppData\Local\Programs\Python\Python36\Scripts\;C:\Users\alxx_\AppData\Local\Programs\Python\Python36\;C:\Users\alxx_\AppData\Local\Microsoft\WindowsApps;D:\node js;C:\Program Files\heroku\bin;C:\Users\alxx_\AppData\Local\GitHubDesktop\bin;C:\Users\alxx_\AppData\Local\Programs\Microsoft VS Code\bin;C:\Users\alxx_\AppData\Local\Programs\Python\Launcher;C:\Program Files\MongoDB\Server\4.2\bin;C:\Users\alxx_\AppData\Roaming\npm;C:\Program Files\Java\jdk-11.0.7\bin;C:\Gradle\gradle-6.5\bin;C:\Program Files\apache-maven-3.6.3\bin;;.]
12-Sep-2020 20:33:57.003 INFO [main] jdk.internal.reflect.DelegatingMethodAccessorImpl.invoke Inicializando el manejador de protocolo ["http-nio-8181"]

12-Sep-2020 20:33:57.219 INFO [main] jdk.internal.reflect.DelegatingMethodAccessorImpl.invoke Inicializando el manejador de protocolo ["ajp-nio-8109"]

12-Sep-2020 20:33:57.530 INFO [main] org.apache.openejb.util.OptionsLog.info Using 'tomee.remote.support=true'
12-Sep-2020 20:33:57.542 INFO [main] org.apache.openejb.util.OptionsLog.info Using 'openejb.jdbc.datasource-creator=org.apache.tomee.jdbc.TomEEDataSourceCreator'
12-Sep-2020 20:33:57.634 INFO [main] org.apache.openejb.OpenEJB$Instance.<init> ********************************************************************************
12-Sep-2020 20:33:57.635 INFO [main] org.apache.openejb.OpenEJB$Instance.<init> OpenEJB http://tomee.apache.org/
12-Sep-2020 20:33:57.635 INFO [main] org.apache.openejb.OpenEJB$Instance.<init> Startup: Sat Sep 12 20:33:57 COT 2020
12-Sep-2020 20:33:57.635 INFO [main] org.apache.openejb.OpenEJB$Instance.<init> Copyright 1999-2018 (C) Apache OpenEJB Project, All Rights Reserved.
12-Sep-2020 20:33:57.635 INFO [main] org.apache.openejb.OpenEJB$Instance.<init> Version: 8.0.0-M3
12-Sep-2020 20:33:57.635 INFO [main] org.apache.openejb.OpenEJB$Instance.<init> Build date: 20190523
12-Sep-2020 20:33:57.635 INFO [main] org.apache.openejb.OpenEJB$Instance.<init> Build time: 12:13
12-Sep-2020 20:33:57.635 INFO [main] org.apache.openejb.OpenEJB$Instance.<init> ********************************************************************************
12-Sep-2020 20:33:57.636 INFO [main] org.apache.openejb.OpenEJB$Instance.<init> openejb.home = D:\universidad\ultimo semestre\Distribuida 2020\ejemplosSTS\servidor-orders-tomee\.distribution\apache-tomee
12-Sep-2020 20:33:57.636 INFO [main] org.apache.openejb.OpenEJB$Instance.<init> openejb.base = D:\universidad\ultimo semestre\Distribuida 2020\ejemplosSTS\servidor-orders-tomee\.distribution\apache-tomee
12-Sep-2020 20:33:57.638 INFO [main] org.apache.openejb.cdi.CdiBuilder.initializeOWB Created new singletonService org.apache.openejb.cdi.ThreadSingletonServiceImpl@3e10dc6
12-Sep-2020 20:33:57.643 INFO [main] org.apache.openejb.cdi.CdiBuilder.initializeOWB Succeeded in installing singleton service
12-Sep-2020 20:33:57.702 INFO [main] org.apache.openejb.config.ConfigurationFactory.init TomEE configuration file is 'D:\universidad\ultimo semestre\Distribuida 2020\ejemplosSTS\servidor-orders-tomee\.distribution\apache-tomee\conf\tomee.xml'
12-Sep-2020 20:33:57.756 INFO [main] org.apache.openejb.config.ConfigurationFactory.configureService Configuring Service(id=Tomcat Security Service, type=SecurityService, provider-id=Tomcat Security Service)
12-Sep-2020 20:33:57.758 INFO [main] org.apache.openejb.config.ConfigurationFactory.configureService Configuring Service(id=Default Transaction Manager, type=TransactionManager, provider-id=Default Transaction Manager)
12-Sep-2020 20:33:57.762 INFO [main] org.apache.openejb.util.OptionsLog.info Using 'openejb.system.apps=false'
12-Sep-2020 20:33:57.762 INFO [main] org.apache.openejb.util.OptionsLog.info Using 'openejb.deployments.classpath=false'
12-Sep-2020 20:33:57.768 INFO [main] org.apache.openejb.assembler.classic.Assembler.createRecipe Creating TransactionManager(id=Default Transaction Manager)
12-Sep-2020 20:33:57.840 INFO [main] org.apache.openejb.assembler.classic.Assembler.createRecipe Creating SecurityService(id=Tomcat Security Service)
12-Sep-2020 20:33:57.927 INFO [main] org.apache.openejb.server.ServiceManager.initServer Creating ServerService(id=cxf-rs)
12-Sep-2020 20:33:58.117 INFO [main] org.apache.openejb.server.SimpleServiceManager.start   ** Bound Services **
12-Sep-2020 20:33:58.117 INFO [main] org.apache.openejb.server.SimpleServiceManager.printRow   NAME                 IP              PORT  
12-Sep-2020 20:33:58.117 INFO [main] org.apache.openejb.server.SimpleServiceManager.start -------
12-Sep-2020 20:33:58.117 INFO [main] org.apache.openejb.server.SimpleServiceManager.start Ready!
12-Sep-2020 20:33:58.117 INFO [main] org.apache.openejb.util.OptionsLog.info Using 'tomee.noshutdownhook=true'
12-Sep-2020 20:33:58.118 INFO [main] jdk.internal.reflect.DelegatingMethodAccessorImpl.invoke Server initialization in [1.774] milliseconds
12-Sep-2020 20:33:58.173 INFO [main] org.apache.tomee.catalina.OpenEJBNamingContextListener.bindResource Importing a Tomcat Resource with id 'UserDatabase' of type 'org.apache.catalina.UserDatabase'.
12-Sep-2020 20:33:58.173 INFO [main] org.apache.openejb.assembler.classic.Assembler.createRecipe Creating Resource(id=UserDatabase)
12-Sep-2020 20:33:58.198 INFO [main] jdk.internal.reflect.DelegatingMethodAccessorImpl.invoke Arrancando servicio [Catalina]
12-Sep-2020 20:33:58.198 INFO [main] jdk.internal.reflect.DelegatingMethodAccessorImpl.invoke Starting Servlet engine: [Apache Tomcat (TomEE)/9.0.20 (8.0.0-M3)]
12-Sep-2020 20:33:58.241 INFO [main] jdk.internal.reflect.DelegatingMethodAccessorImpl.invoke Despliegue del archivo [D:\universidad\ultimo semestre\Distribuida 2020\ejemplosSTS\servidor-orders-tomee\.distribution\apache-tomee\webapps\ROOT.war] de la aplicación web
12-Sep-2020 20:33:58.253 INFO [main] org.apache.tomee.catalina.TomcatWebAppBuilder.init ------------------------- localhost -> /
12-Sep-2020 20:33:58.257 INFO [main] org.apache.openejb.util.JarExtractor.extract Extracting jar: D:\universidad\ultimo semestre\Distribuida 2020\ejemplosSTS\servidor-orders-tomee\.distribution\apache-tomee\webapps\ROOT.war
12-Sep-2020 20:33:58.740 INFO [main] org.apache.openejb.util.JarExtractor.extract Extracted path: D:\universidad\ultimo semestre\Distribuida 2020\ejemplosSTS\servidor-orders-tomee\.distribution\apache-tomee\webapps\ROOT
12-Sep-2020 20:33:58.741 INFO [main] org.apache.openejb.util.OptionsLog.info Using 'openejb.session.manager=org.apache.tomee.catalina.session.QuickSessionManager'
12-Sep-2020 20:33:59.500 INFO [main] org.apache.openejb.util.OptionsLog.info Using 'tomee.mp.scan=all'
12-Sep-2020 20:34:00.309 INFO [main] org.apache.openejb.config.ConfigurationFactory.configureApplication Configuring enterprise application: D:\universidad\ultimo semestre\Distribuida 2020\ejemplosSTS\servidor-orders-tomee\.distribution\apache-tomee\webapps\ROOT
12-Sep-2020 20:34:00.754 INFO [main] org.apache.openejb.config.ConfigurationFactory.configureService Configuring Service(id=ROOT/jdbc/prueba, type=Resource, provider-id=Default JDBC Database)
12-Sep-2020 20:34:00.755 INFO [main] org.apache.openejb.assembler.classic.Assembler.createRecipe Creating Resource(id=ROOT/jdbc/prueba)
12-Sep-2020 20:34:01.507 INFO [main] org.apache.openejb.config.ConfigurationFactory.configureService Configuring Service(id=Default Managed Container, type=Container, provider-id=Default Managed Container)
12-Sep-2020 20:34:01.508 INFO [main] org.apache.openejb.config.AutoConfig.createContainer Auto-creating a container for bean .Comp2047145776: Container(type=MANAGED, id=Default Managed Container)
12-Sep-2020 20:34:01.508 INFO [main] org.apache.openejb.assembler.classic.Assembler.createRecipe Creating Container(id=Default Managed Container)
12-Sep-2020 20:34:01.514 INFO [main] org.apache.openejb.core.managed.SimplePassivater.init Using directory D:\universidad\ultimo semestre\Distribuida 2020\ejemplosSTS\servidor-orders-tomee\.distribution\apache-tomee\temp for stateful session passivation
12-Sep-2020 20:34:01.522 INFO [main] org.apache.openejb.config.AutoConfig.processResourceRef Auto-linking resource-ref 'openejb/Resource/ROOT/jdbc/prueba' in bean .Comp2047145776 to Resource(id=ROOT/jdbc/prueba)
12-Sep-2020 20:34:01.523 INFO [main] org.apache.openejb.config.AutoConfig.processResourceRef Auto-linking resource-ref 'openejb/Resource/jdbc/prueba' in bean .Comp2047145776 to Resource(id=ROOT/jdbc/prueba)
12-Sep-2020 20:34:01.523 INFO [main] org.apache.openejb.config.AutoConfig.deploy Configuring PersistenceUnit(name=myCustomer_PU)
12-Sep-2020 20:34:01.524 INFO [main] org.apache.openejb.config.AutoConfig.logAutoCreateResource Auto-creating a Resource with id 'ROOT/jdbc/pruebaNonJta' of type 'DataSource for 'myCustomer_PU'.
12-Sep-2020 20:34:01.524 INFO [main] org.apache.openejb.config.AutoConfig.deploy Configuring Service(id=ROOT/jdbc/pruebaNonJta, type=Resource, provider-id=ROOT/jdbc/prueba)
12-Sep-2020 20:34:01.524 INFO [main] org.apache.openejb.assembler.classic.Assembler.createRecipe Creating Resource(id=ROOT/jdbc/pruebaNonJta)
12-Sep-2020 20:34:01.948 INFO [main] org.apache.openejb.config.AutoConfig.setJtaDataSource Adjusting PersistenceUnit myCustomer_PU <jta-data-source> to Resource ID 'ROOT/jdbc/prueba' from 'jdbc/prueba'
12-Sep-2020 20:34:01.948 INFO [main] org.apache.openejb.config.AutoConfig.setNonJtaDataSource Adjusting PersistenceUnit myCustomer_PU <non-jta-data-source> to Resource ID 'ROOT/jdbc/pruebaNonJta' from 'null'
12-Sep-2020 20:34:01.988 INFO [main] org.apache.openejb.config.AppInfoBuilder.build Enterprise application "D:\universidad\ultimo semestre\Distribuida 2020\ejemplosSTS\servidor-orders-tomee\.distribution\apache-tomee\webapps\ROOT" loaded.
12-Sep-2020 20:34:01.993 INFO [main] org.apache.openejb.assembler.classic.Assembler.createApplication Assembling app: D:\universidad\ultimo semestre\Distribuida 2020\ejemplosSTS\servidor-orders-tomee\.distribution\apache-tomee\webapps\ROOT
12-Sep-2020 20:34:02.304 INFO [main] null.openjpa.Runtime OpenJPA dynamically loaded a validation provider.
12-Sep-2020 20:34:02.320 INFO [main] org.apache.openejb.assembler.classic.ReloadableEntityManagerFactory.createDelegate PersistenceUnit(name=myCustomer_PU, provider=org.apache.openjpa.persistence.PersistenceProviderImpl) - provider time 298ms
12-Sep-2020 20:34:02.395 INFO [main] org.apache.openejb.cdi.CdiBuilder.initSingleton Existing thread singleton service in SystemInstance(): org.apache.openejb.cdi.ThreadSingletonServiceImpl@3e10dc6
12-Sep-2020 20:34:02.467 INFO [main] org.apache.openejb.cdi.OpenEJBLifecycle.startApplication OpenWebBeans Container is starting...
12-Sep-2020 20:34:02.472 INFO [main] org.apache.webbeans.plugins.PluginLoader.startUp Adding OpenWebBeansPlugin : [CdiPlugin]
12-Sep-2020 20:34:02.766 INFO [main] org.apache.openejb.cdi.CdiScanner.handleBda Using annotated mode for jar:file:/D:/universidad/ultimo%20semestre/Distribuida%202020/ejemplosSTS/servidor-orders-tomee/.distribution/apache-tomee/lib/geronimo-config-impl-1.2.1.jar!/META-INF/beans.xml looking all classes to find CDI beans, maybe think to add a beans.xml if not there or add the jar to exclusions.list
12-Sep-2020 20:34:02.889 INFO [main] org.apache.geronimo.config.configsource.PropertyFileConfigSourceProvider.<init> Custom config found by GeronimoConfig. Name: 'META-INF/microprofile-config.properties', URL: 'file:/D:/universidad/ultimo%20semestre/Distribuida%202020/ejemplosSTS/servidor-orders-tomee/.distribution/apache-tomee/webapps/ROOT/WEB-INF/classes/META-INF/microprofile-config.properties'
12-Sep-2020 20:34:02.895 INFO [main] org.apache.openejb.util.OptionsLog.info Using 'tomee.mp.scan=all'
12-Sep-2020 20:34:03.697 INFO [main] org.apache.webbeans.config.BeansDeployer.validateInjectionPoints All injection points were validated successfully.
12-Sep-2020 20:34:03.727 INFO [main] org.apache.openejb.cdi.OpenEJBLifecycle.startApplication OpenWebBeans Container has started, it took 1260 ms.
12-Sep-2020 20:34:03.740 INFO [main] org.apache.openejb.assembler.classic.Assembler.createApplication Deployed Application(path=D:\universidad\ultimo semestre\Distribuida 2020\ejemplosSTS\servidor-orders-tomee\.distribution\apache-tomee\webapps\ROOT)
12-Sep-2020 20:34:03.882 INFO [main] org.apache.myfaces.ee.MyFacesContainerInitializer.onStartup Using org.apache.myfaces.ee.MyFacesContainerInitializer
12-Sep-2020 20:34:03.932 INFO [main] org.apache.myfaces.ee.MyFacesContainerInitializer.onStartup Added FacesServlet with mappings=[/faces/*, *.jsf, *.faces, *.xhtml]
12-Sep-2020 20:34:03.976 INFO [main] org.apache.jasper.servlet.TldScanner.scanJars Al menos un JAR, que se ha explorado buscando TLDs, aún no contenía TLDs. Activar historial de depuración para este historiador para una completa lista de los JARs que fueron explorados y de los que nos se halló TLDs. Saltarse JARs no necesarios durante la exploración puede dar lugar a una mejora de tiempo significativa en el arranque y compilación de JSP .
12-Sep-2020 20:34:03.991 INFO [main] org.apache.tomee.myfaces.TomEEMyFacesContainerInitializer.addListener Installing <listener>org.apache.myfaces.webapp.StartupServletContextListener</listener>
12-Sep-2020 20:34:04.086 INFO [main] org.apache.myfaces.config.DefaultFacesConfigurationProvider.getStandardFacesConfig Reading standard config META-INF/standard-faces-config.xml
12-Sep-2020 20:34:04.335 INFO [main] org.apache.myfaces.config.DefaultFacesConfigurationProvider.getClassloaderFacesConfig Reading config : jar:file:/D:/universidad/ultimo%20semestre/Distribuida%202020/ejemplosSTS/servidor-orders-tomee/.distribution/apache-tomee/lib/openwebbeans-el22-2.0.9.jar!/META-INF/faces-config.xml
12-Sep-2020 20:34:04.338 INFO [main] org.apache.myfaces.config.DefaultFacesConfigurationProvider.getClassloaderFacesConfig Reading config : jar:file:/D:/universidad/ultimo%20semestre/Distribuida%202020/ejemplosSTS/servidor-orders-tomee/.distribution/apache-tomee/lib/openwebbeans-jsf-2.0.9.jar!/META-INF/faces-config.xml
12-Sep-2020 20:34:04.464 INFO [main] org.apache.myfaces.config.LogMetaInfUtils.logArtifact Artifact 'myfaces-api' was found in version '2.3.3' from path 'file:/D:/universidad/ultimo%20semestre/Distribuida%202020/ejemplosSTS/servidor-orders-tomee/.distribution/apache-tomee/lib/myfaces-api-2.3.3.jar'
12-Sep-2020 20:34:04.465 INFO [main] org.apache.myfaces.config.LogMetaInfUtils.logArtifact Artifact 'myfaces-impl' was found in version '2.3.3' from path 'file:/D:/universidad/ultimo%20semestre/Distribuida%202020/ejemplosSTS/servidor-orders-tomee/.distribution/apache-tomee/lib/myfaces-impl-2.3.3.jar'
12-Sep-2020 20:34:04.486 INFO [main] org.apache.myfaces.util.ExternalSpecifications.isCDIAvailable MyFaces CDI support enabled
12-Sep-2020 20:34:04.488 INFO [main] org.apache.myfaces.spi.impl.DefaultInjectionProviderFactory.getInjectionProvider Using InjectionProvider org.apache.myfaces.spi.impl.CDIAnnotationDelegateInjectionProvider
12-Sep-2020 20:34:04.579 INFO [main] org.apache.myfaces.util.ExternalSpecifications.isBeanValidationAvailable MyFaces Bean Validation support enabled
12-Sep-2020 20:34:04.793 INFO [main] org.apache.myfaces.application.ApplicationImpl.getProjectStage Couldn't discover the current project stage, using Production
12-Sep-2020 20:34:04.794 INFO [main] org.apache.myfaces.config.FacesConfigurator.handleSerialFactory Serialization provider : class org.apache.myfaces.shared_impl.util.serial.DefaultSerialFactory
12-Sep-2020 20:34:04.802 INFO [main] org.apache.myfaces.config.annotation.DefaultLifecycleProviderFactory.getLifecycleProvider Using LifecycleProvider org.apache.myfaces.config.annotation.Tomcat7AnnotationLifecycleProvider
12-Sep-2020 20:34:04.841 INFO [main] org.apache.myfaces.webapp.AbstractFacesInitializer.initFaces ServletContext initialized.
12-Sep-2020 20:34:04.847 INFO [main] org.apache.myfaces.view.facelets.ViewPoolProcessor.initialize org.apache.myfaces.CACHE_EL_EXPRESSIONS web config parameter is set to "noCache". To enable view pooling this param must be set to "alwaysRecompile". View Pooling disabled.
12-Sep-2020 20:34:04.863 INFO [main] org.apache.myfaces.webapp.StartupServletContextListener.contextInitialized MyFaces Core has started, it took [863] ms.
12-Sep-2020 20:34:04.890 INFO [main] org.apache.openejb.util.OptionsLog.info Using 'openejb.cxf-rs.cache-application=false'
12-Sep-2020 20:34:05.218 INFO [main] org.apache.openejb.server.cxf.rs.CxfRsHttpListener.deployApplication Using readers:
12-Sep-2020 20:34:05.218 INFO [main] org.apache.openejb.server.cxf.rs.CxfRsHttpListener.deployApplication      org.apache.cxf.jaxrs.provider.PrimitiveTextProvider@9e2b199
12-Sep-2020 20:34:05.218 INFO [main] org.apache.openejb.server.cxf.rs.CxfRsHttpListener.deployApplication      org.apache.cxf.jaxrs.provider.FormEncodingProvider@6a35cccf
12-Sep-2020 20:34:05.218 INFO [main] org.apache.openejb.server.cxf.rs.CxfRsHttpListener.deployApplication      org.apache.cxf.jaxrs.provider.MultipartProvider@3ce067bd
12-Sep-2020 20:34:05.218 INFO [main] org.apache.openejb.server.cxf.rs.CxfRsHttpListener.deployApplication      org.apache.cxf.jaxrs.provider.SourceProvider@608b74f3
12-Sep-2020 20:34:05.218 INFO [main] org.apache.openejb.server.cxf.rs.CxfRsHttpListener.deployApplication      org.apache.cxf.jaxrs.provider.JAXBElementTypedProvider@1ef8f7e6
12-Sep-2020 20:34:05.218 INFO [main] org.apache.openejb.server.cxf.rs.CxfRsHttpListener.deployApplication      org.apache.cxf.jaxrs.provider.JAXBElementProvider@5a6f1342
12-Sep-2020 20:34:05.219 INFO [main] org.apache.openejb.server.cxf.rs.CxfRsHttpListener.deployApplication      org.apache.openejb.server.cxf.rs.johnzon.TomEEJsonbProvider@12f32f99
12-Sep-2020 20:34:05.219 INFO [main] org.apache.openejb.server.cxf.rs.CxfRsHttpListener.deployApplication      org.apache.openejb.server.cxf.rs.johnzon.TomEEJsonpProvider@7441edeb
12-Sep-2020 20:34:05.219 INFO [main] org.apache.openejb.server.cxf.rs.CxfRsHttpListener.deployApplication      org.apache.cxf.jaxrs.provider.StringTextProvider@58df431e
12-Sep-2020 20:34:05.219 INFO [main] org.apache.openejb.server.cxf.rs.CxfRsHttpListener.deployApplication      org.apache.cxf.jaxrs.provider.BinaryDataProvider@5834fd3f
12-Sep-2020 20:34:05.219 INFO [main] org.apache.openejb.server.cxf.rs.CxfRsHttpListener.deployApplication      org.apache.cxf.jaxrs.provider.DataSourceProvider@4446e1d9
12-Sep-2020 20:34:05.219 INFO [main] org.apache.openejb.server.cxf.rs.CxfRsHttpListener.deployApplication Using writers:
12-Sep-2020 20:34:05.219 INFO [main] org.apache.openejb.server.cxf.rs.CxfRsHttpListener.deployApplication      org.apache.johnzon.jaxrs.WadlDocumentMessageBodyWriter@3f13720f
12-Sep-2020 20:34:05.219 INFO [main] org.apache.openejb.server.cxf.rs.CxfRsHttpListener.deployApplication      org.apache.cxf.jaxrs.nio.NioMessageBodyWriter@1df60140
12-Sep-2020 20:34:05.219 INFO [main] org.apache.openejb.server.cxf.rs.CxfRsHttpListener.deployApplication      org.apache.cxf.jaxrs.provider.StringTextProvider@58df431e
12-Sep-2020 20:34:05.219 INFO [main] org.apache.openejb.server.cxf.rs.CxfRsHttpListener.deployApplication      org.apache.cxf.jaxrs.provider.JAXBElementTypedProvider@1ef8f7e6
12-Sep-2020 20:34:05.219 INFO [main] org.apache.openejb.server.cxf.rs.CxfRsHttpListener.deployApplication      org.apache.cxf.jaxrs.provider.PrimitiveTextProvider@9e2b199
12-Sep-2020 20:34:05.220 INFO [main] org.apache.openejb.server.cxf.rs.CxfRsHttpListener.deployApplication      org.apache.cxf.jaxrs.provider.FormEncodingProvider@6a35cccf
12-Sep-2020 20:34:05.220 INFO [main] org.apache.openejb.server.cxf.rs.CxfRsHttpListener.deployApplication      org.apache.cxf.jaxrs.provider.MultipartProvider@3ce067bd
12-Sep-2020 20:34:05.220 INFO [main] org.apache.openejb.server.cxf.rs.CxfRsHttpListener.deployApplication      org.apache.geronimo.microprofile.openapi.jaxrs.JacksonOpenAPIYamlBodyWriter@62d4dac4
12-Sep-2020 20:34:05.220 INFO [main] org.apache.openejb.server.cxf.rs.CxfRsHttpListener.deployApplication      org.apache.cxf.jaxrs.provider.SourceProvider@608b74f3
12-Sep-2020 20:34:05.220 INFO [main] org.apache.openejb.server.cxf.rs.CxfRsHttpListener.deployApplication      org.apache.cxf.jaxrs.provider.JAXBElementProvider@5a6f1342
12-Sep-2020 20:34:05.220 INFO [main] org.apache.openejb.server.cxf.rs.CxfRsHttpListener.deployApplication      org.apache.openejb.server.cxf.rs.johnzon.TomEEJsonbProvider@12f32f99
12-Sep-2020 20:34:05.220 INFO [main] org.apache.openejb.server.cxf.rs.CxfRsHttpListener.deployApplication      org.apache.openejb.server.cxf.rs.johnzon.TomEEJsonpProvider@7441edeb
12-Sep-2020 20:34:05.220 INFO [main] org.apache.openejb.server.cxf.rs.CxfRsHttpListener.deployApplication      org.apache.cxf.jaxrs.provider.BinaryDataProvider@5834fd3f
12-Sep-2020 20:34:05.220 INFO [main] org.apache.openejb.server.cxf.rs.CxfRsHttpListener.deployApplication      org.apache.cxf.jaxrs.provider.DataSourceProvider@4446e1d9
12-Sep-2020 20:34:05.220 INFO [main] org.apache.openejb.server.cxf.rs.CxfRsHttpListener.deployApplication Using exception mappers:
12-Sep-2020 20:34:05.220 INFO [main] org.apache.openejb.server.cxf.rs.CxfRsHttpListener.deployApplication      org.apache.cxf.jaxrs.impl.WebApplicationExceptionMapper@6138ee0e
12-Sep-2020 20:34:05.221 INFO [main] org.apache.openejb.server.cxf.rs.CxfRsHttpListener.deployApplication      org.apache.tomee.microprofile.jwt.MPJWTFilter$MPJWTExceptionMapper@2c40e456
12-Sep-2020 20:34:05.221 INFO [main] org.apache.openejb.server.cxf.rs.CxfRsHttpListener.deployApplication      org.apache.openejb.server.cxf.rs.EJBExceptionMapper@3a3375d8
12-Sep-2020 20:34:05.221 INFO [main] org.apache.openejb.server.cxf.rs.CxfRsHttpListener.deployApplication      org.apache.cxf.jaxrs.validation.ValidationExceptionMapper@2df40273
12-Sep-2020 20:34:05.223 INFO [main] org.apache.openejb.server.cxf.rs.CxfRsHttpListener.logEndpoints REST Application: http://localhost:8181/                                  -> com.distribuida.rest.RestApplication@5471342
12-Sep-2020 20:34:05.227 INFO [main] org.apache.openejb.server.cxf.rs.CxfRsHttpListener.logEndpoints      Service URI: http://localhost:8181/health                            -> Pojo org.apache.geronimo.microprofile.impl.health.cdi.CdiHealthChecksEndpoint
12-Sep-2020 20:34:05.227 INFO [main] org.apache.openejb.server.cxf.rs.CxfRsHttpListener.logEndpoints               GET http://localhost:8181/health                            ->      Response getChecks()
12-Sep-2020 20:34:05.236 INFO [main] org.apache.openejb.server.cxf.rs.CxfRsHttpListener.logEndpoints      Service URI: http://localhost:8181/metrics                           -> Pojo org.apache.geronimo.microprofile.metrics.jaxrs.CdiMetricsEndpoints      
12-Sep-2020 20:34:05.236 INFO [main] org.apache.openejb.server.cxf.rs.CxfRsHttpListener.logEndpoints               GET http://localhost:8181/metrics                           ->      Object getJson(SecurityContext, UriInfo)                    
12-Sep-2020 20:34:05.236 INFO [main] org.apache.openejb.server.cxf.rs.CxfRsHttpListener.logEndpoints               GET http://localhost:8181/metrics                           ->      String getText(SecurityContext, UriInfo)                    
12-Sep-2020 20:34:05.236 INFO [main] org.apache.openejb.server.cxf.rs.CxfRsHttpListener.logEndpoints               GET http://localhost:8181/metrics/{registry}                ->      Object getJson(String, SecurityContext, UriInfo)            
12-Sep-2020 20:34:05.236 INFO [main] org.apache.openejb.server.cxf.rs.CxfRsHttpListener.logEndpoints               GET http://localhost:8181/metrics/{registry}                ->      String getText(String, SecurityContext, UriInfo)            
12-Sep-2020 20:34:05.236 INFO [main] org.apache.openejb.server.cxf.rs.CxfRsHttpListener.logEndpoints               GET http://localhost:8181/metrics/{registry}/{metric}       ->      Object getJson(String, String, SecurityContext, UriInfo)    
12-Sep-2020 20:34:05.237 INFO [main] org.apache.openejb.server.cxf.rs.CxfRsHttpListener.logEndpoints               GET http://localhost:8181/metrics/{registry}/{metric}       ->      String getText(String, String, SecurityContext, UriInfo)    
12-Sep-2020 20:34:05.237 INFO [main] org.apache.openejb.server.cxf.rs.CxfRsHttpListener.logEndpoints           OPTIONS http://localhost:8181/metrics/{registry}                ->      Object getMetadata(String, SecurityContext, UriInfo)        
12-Sep-2020 20:34:05.237 INFO [main] org.apache.openejb.server.cxf.rs.CxfRsHttpListener.logEndpoints           OPTIONS http://localhost:8181/metrics/{registry}/{metric}       ->      Object getMetadata(String, String, SecurityContext, UriInfo)
12-Sep-2020 20:34:05.237 INFO [main] org.apache.openejb.server.cxf.rs.CxfRsHttpListener.logEndpoints      Service URI: http://localhost:8181/openapi                           -> Pojo org.apache.geronimo.microprofile.openapi.jaxrs.OpenAPIEndpoint          
12-Sep-2020 20:34:05.237 INFO [main] org.apache.openejb.server.cxf.rs.CxfRsHttpListener.logEndpoints               GET http://localhost:8181/openapi                           ->      OpenAPI get()
12-Sep-2020 20:34:05.238 INFO [main] org.apache.openejb.server.cxf.rs.CxfRsHttpListener.logEndpoints      Service URI: http://localhost:8181/orders                            -> Pojo com.distribuida.rest.OrdenesRest                                        
12-Sep-2020 20:34:05.238 INFO [main] org.apache.openejb.server.cxf.rs.CxfRsHttpListener.logEndpoints            DELETE http://localhost:8181/orders/eliminar/{id}              ->      Response elimarOrden(Integer)              
12-Sep-2020 20:34:05.238 INFO [main] org.apache.openejb.server.cxf.rs.CxfRsHttpListener.logEndpoints               GET http://localhost:8181/orders                            ->      List<Ordenes> listaOrdenes()               
12-Sep-2020 20:34:05.238 INFO [main] org.apache.openejb.server.cxf.rs.CxfRsHttpListener.logEndpoints               GET http://localhost:8181/orders/order/{id}                 ->      Ordenes ordenPorId(Integer)                
12-Sep-2020 20:34:05.238 INFO [main] org.apache.openejb.server.cxf.rs.CxfRsHttpListener.logEndpoints               GET http://localhost:8181/orders/orderwithCustomerbyId/{id} ->      List<Ordenes> ordenconCustomerbyId(Integer)
12-Sep-2020 20:34:05.238 INFO [main] org.apache.openejb.server.cxf.rs.CxfRsHttpListener.logEndpoints              POST http://localhost:8181/orders/crear                      ->      Ordenes crearOrden(Ordenes)                
12-Sep-2020 20:34:05.238 INFO [main] org.apache.openejb.server.cxf.rs.CxfRsHttpListener.logEndpoints               PUT http://localhost:8181/orders/actualizar                 ->      Response actualizarOrden(Ordenes)          
12-Sep-2020 20:34:05.294 INFO [main] jdk.internal.reflect.DelegatingMethodAccessorImpl.invoke Deployment of web application archive [D:\universidad\ultimo semestre\Distribuida 2020\ejemplosSTS\servidor-orders-tomee\.distribution\apache-tomee\webapps\ROOT.war] has finished in [7.053] ms
12-Sep-2020 20:34:05.308 INFO [main] org.apache.catalina.core.StandardContext.setClassLoaderProperty Unable to set the web application class loader property [clearReferencesRmiTargets] to [true] as the property does not exist.
12-Sep-2020 20:34:05.308 INFO [main] org.apache.catalina.core.StandardContext.setClassLoaderProperty Unable to set the web application class loader property [clearReferencesObjectStreamClassCaches] to [true] as the property does not exist.
12-Sep-2020 20:34:05.308 INFO [main] org.apache.catalina.core.StandardContext.setClassLoaderProperty Unable to set the web application class loader property [clearReferencesObjectStreamClassCaches] to [true] as the property does not exist.
12-Sep-2020 20:34:05.308 INFO [main] org.apache.catalina.core.StandardContext.setClassLoaderProperty Unable to set the web application class loader property [clearReferencesThreadLocals] to [true] as the property does not exist.
12-Sep-2020 20:34:05.325 INFO [main] jdk.internal.reflect.DelegatingMethodAccessorImpl.invoke Starting ProtocolHandler ["http-nio-8181"]
12-Sep-2020 20:34:05.343 INFO [main] jdk.internal.reflect.DelegatingMethodAccessorImpl.invoke Starting ProtocolHandler ["ajp-nio-8109"]
12-Sep-2020 20:34:05.348 INFO [main] jdk.internal.reflect.DelegatingMethodAccessorImpl.invoke Server startup in [7.230] milliseconds
12-Sep-2020 20:34:37.570 INFO [http-nio-8181-exec-1] null.openjpa.Runtime Starting OpenJPA 3.1.0
12-Sep-2020 20:34:37.672 INFO [http-nio-8181-exec-1] null.openjpa.jdbc.JDBC Using dictionary class "org.apache.openjpa.jdbc.sql.PostgresDictionary" (PostgreSQL 12.3 ,PostgreSQL JDBC Driver 42.2.8).
12-Sep-2020 20:34:37.717 INFO [http-nio-8181-exec-1] null.openjpa.jdbc.JDBC Connected to PostgreSQL version 12.12 using JDBC driver PostgreSQL JDBC Driver version 42.2.8.
